[   0.017][v][cplayer] mpv 0.32.0-563-gdc24a437fb Copyright © 2000-2020 mpv/MPlayer/mplayer2 projects
[   0.017][v][cplayer]  built on Sat Jun 20 18:32:55 CST 2020
[   0.018][v][cplayer] FFmpeg library versions:
[   0.018][v][cplayer]    libavutil       56.55.100
[   0.018][v][cplayer]    libavcodec      58.93.100
[   0.018][v][cplayer]    libavformat     58.47.100
[   0.018][v][cplayer]    libswscale      5.8.100
[   0.018][v][cplayer]    libavfilter     7.86.100
[   0.018][v][cplayer]    libswresample   3.8.100
[   0.018][v][cplayer] FFmpeg version: N-98266-gf4790abef56
[   0.018][v][cplayer]
[   0.018][v][cplayer] Configuration: ./waf configure --disable-pulse --disable-cplayer --disable-libavdevice --disable-lcms2 --disable-lua --enable-libmpv-static --enable-ios-gl --enable-gl --disable-javascript --disable-optimize --disable-cplugins --disable-uwp --disable-vapoursynth --enable-uchardet --disable-drm --disable-rubberband --out=/Users/zfu/proj/github/tvos.mpv.player/contrib/buildIOS/scratch/arm64 --prefix=/Users/zfu/proj/github/tvos.mpv.player/contrib/buildIOS/thin/arm64
[   0.018][v][cplayer] List of enabled features: asm audiounit bsd-fstatfs build-date debug-build ffmpeg gl glob glob-posix gpl iconv ios-gl libass libbluray libdl libm libmpv-static osx-thread-name plain-gl posix posix-or-mingw pthreads stdatomic uchardet videotoolbox-hwaccel zlib
[   0.018][v][cplayer] mpv 0.32.0-563-gdc24a437fb Copyright © 2000-2020 mpv/MPlayer/mplayer2 projects
[   0.018][v][cplayer]  built on Sat Jun 20 18:32:55 CST 2020
[   0.018][v][cplayer] FFmpeg library versions:
[   0.018][v][cplayer]    libavutil       56.55.100
[   0.018][v][cplayer]    libavcodec      58.93.100
[   0.018][v][cplayer]    libavformat     58.47.100
[   0.018][v][cplayer]    libswscale      5.8.100
[   0.018][v][cplayer]    libavfilter     7.86.100
[   0.018][v][cplayer]    libswresample   3.8.100
[   0.018][v][cplayer] FFmpeg version: N-98266-gf4790abef56
[   0.018][v][cplayer]
[   0.018][v][cplayer] Configuration: ./waf configure --disable-pulse --disable-cplayer --disable-libavdevice --disable-lcms2 --disable-lua --enable-libmpv-static --enable-ios-gl --enable-gl --disable-javascript --disable-optimize --disable-cplugins --disable-uwp --disable-vapoursynth --enable-uchardet --disable-drm --disable-rubberband --out=/Users/zfu/proj/github/tvos.mpv.player/contrib/buildIOS/scratch/arm64 --prefix=/Users/zfu/proj/github/tvos.mpv.player/contrib/buildIOS/thin/arm64
[   0.018][v][cplayer] List of enabled features: asm audiounit bsd-fstatfs build-date debug-build ffmpeg gl glob glob-posix gpl iconv ios-gl libass libbluray libdl libm libmpv-static osx-thread-name plain-gl posix posix-or-mingw pthreads stdatomic uchardet videotoolbox-hwaccel zlib
[   0.018][d][global] config path: '' -> '-'
[   0.021][d][global] user path: '/private/var/mobile/Containers/Data/Application/C1C4027D-6FD6-4C03-91F2-8264FD575B29/tmp/mpv-log.txt' -> '/private/var/mobile/Containers/Data/Application/C1C4027D-6FD6-4C03-91F2-8264FD575B29/tmp/mpv-log.txt'
[   0.021][d][cplayer] Setting option 'vo' = "opengl-cb" (flags = 0) -> 0
[   0.021][d][cplayer] Setting option 'hwdec' = "videotoolbox" (flags = 0) -> 0
[   0.021][d][cplayer] Setting option 'dither-depth' = "auto" (flags = 0) -> 0
[   0.021][d][cplayer] Setting option 'hwdec-image-format' = "nv12" (flags = 0) -> 0
[   0.021][d][cplayer] Setting option 'hwdec-codecs' = "all" (flags = 0) -> 0
[   0.021][d][cplayer] Setting option 'gpu-hwdec-interop' = "auto" (flags = 0) -> 0
[   0.025][v][libmpv_render] GL_VERSION='OpenGL ES 3.0 Metal - 66.6'
[   0.025][v][libmpv_render] Detected GLES 3.0.
[   0.025][v][libmpv_render] GL_VENDOR='Apple Inc.'
[   0.025][v][libmpv_render] GL_RENDERER='Apple A9X GPU'
[   0.025][v][libmpv_render] GL_SHADING_LANGUAGE_VERSION='OpenGL ES GLSL ES 3.00'
[   0.025][d][libmpv_render] Combined OpenGL extensions string:
[   0.025][d][libmpv_render]  GL_OES_standard_derivatives GL_KHR_texture_compression_astc_ldr GL_EXT_color_buffer_half_float GL_EXT_debug_label GL_EXT_debug_marker GL_EXT_pvrtc_sRGB GL_EXT_read_format_bgra GL_EXT_separate_shader_objects GL_EXT_shader_framebuffer_fetch GL_EXT_shader_texture_lod GL_EXT_shadow_samplers GL_EXT_texture_filter_anisotropic GL_APPLE_clip_distance GL_APPLE_color_buffer_packed_float GL_APPLE_copy_texture_levels GL_APPLE_rgb_422 GL_APPLE_texture_format_BGRA8888 GL_IMG_read_format GL_IMG_texture_compression_pvrtc
[   0.027][v][libmpv_render] Loaded extension GL_EXT_color_buffer_half_float.
[   0.027][v][libmpv_render] Loaded extension GL_APPLE_rgb_422.
[   0.027][v][libmpv_render] GL_*_swap_control extension missing.
[   0.027][v][libmpv_render] 16 bit UNORM textures not available.
[   0.027][d][libmpv_render] Texture formats:
[   0.028][d][libmpv_render]   NAME       COMP*TYPE SIZE           DEPTH PER COMP.
[   0.028][d][libmpv_render]   r8         1*unorm   1B    LF CR ST {8}
[   0.028][d][libmpv_render]   rg8        2*unorm   2B    LF CR ST {8 8}
[   0.028][d][libmpv_render]   rgb8       3*unorm   3B    LF CR ST {8 8 8}
[   0.028][d][libmpv_render]   rgba8      4*unorm   4B    LF CR ST {8 8 8 8}
[   0.028][d][libmpv_render]   l          1*unorm   1B    LF CR ST {8}
[   0.028][d][libmpv_render]   la         2*unorm   2B LA LF CR ST {8 8}
[   0.028][d][libmpv_render]   r8ui       1*uint    1B       CR ST {8}
[   0.028][d][libmpv_render]   rg8ui      2*uint    2B       CR ST {8 8}
[   0.028][d][libmpv_render]   rgb8ui     3*uint    3B          ST {8 8 8}
[   0.028][d][libmpv_render]   rgba8ui    4*uint    4B       CR ST {8 8 8 8}
[   0.028][d][libmpv_render]   r16ui      1*uint    2B       CR ST {16}
[   0.028][d][libmpv_render]   rg16ui     2*uint    4B       CR ST {16 16}
[   0.028][d][libmpv_render]   rgb16ui    3*uint    6B          ST {16 16 16}
[   0.028][d][libmpv_render]   rgba16ui   4*uint    8B       CR ST {16 16 16 16}
[   0.028][d][libmpv_render]   r16f       1*float   4B    LF CR ST {32/16}
[   0.028][d][libmpv_render]   rg16f      2*float   8B    LF CR ST {32/16 32/16}
[   0.028][d][libmpv_render]   rgb16f     3*float  12B    LF    ST {32/16 32/16 32/16}
[   0.028][d][libmpv_render]   rgba16f    4*float  16B    LF CR ST {32/16 32/16 32/16 32/16}
[   0.028][d][libmpv_render]   r16f       1*float   4B    LF    ST {32/16}
[   0.028][d][libmpv_render]   rg16f      2*float   8B    LF    ST {32/16 32/16}
[   0.028][d][libmpv_render]   rgb16f     3*float  12B    LF    ST {32/16 32/16 32/16}
[   0.028][d][libmpv_render]   rgba16f    4*float  16B    LF    ST {32/16 32/16 32/16 32/16}
[   0.028][d][libmpv_render]   rgb10_a2   4*unorm   4B    LF CR ST {0 0 0 0}
[   0.028][d][libmpv_render]   appleyp    0*unorm   2B    LF    ST {}
[   0.028][d][libmpv_render]  LA = LUMINANCE_ALPHA hack format
[   0.028][d][libmpv_render]  LF = linear filterable
[   0.028][d][libmpv_render]  CR = can be used for render targets
[   0.028][d][libmpv_render]  ST = can be used for storable images
[   0.028][d][libmpv_render] Image formats:
[   0.028][d][libmpv_render]   yuv444p => 3 planes 1x1 8/0 [r8/r8/r8] (r/g/b) [unorm]
[   0.028][d][libmpv_render]   yuv420p => 3 planes 2x2 8/0 [r8/r8/r8] (r/g/b) [unorm]
[   0.028][d][libmpv_render]   gray => 1 planes 1x1 8/0 [r8] (r) [unorm]
[   0.029][d][libmpv_render]   gray16 => 1 planes 1x1 16/0 [r16ui] (r) [uint ]
[   0.029][d][libmpv_render]   uyvy422 => 1 planes 1x1 0/0 [appleyp] (brg) [unknown]
[   0.029][d][libmpv_render]   nv12 => 2 planes 2x2 8/0 [r8/rg8] (r/gb) [unorm]
[   0.029][d][libmpv_render]   p010 => 2 planes 2x2 16/6 [r16ui/rg16ui] (r/gb) [uint ]
[   0.029][d][libmpv_render]   argb => 1 planes 1x1 8/0 [rgba8] (argb) [unorm]
[   0.029][d][libmpv_render]   bgra => 1 planes 1x1 8/0 [rgba8] (bgra) [unorm]
[   0.029][d][libmpv_render]   abgr => 1 planes 1x1 8/0 [rgba8] (abgr) [unorm]
[   0.029][d][libmpv_render]   rgba => 1 planes 1x1 8/0 [rgba8] (rgba) [unorm]
[   0.029][d][libmpv_render]   bgr24 => 1 planes 1x1 8/0 [rgb8] (bgr) [unorm]
[   0.029][d][libmpv_render]   rgb24 => 1 planes 1x1 8/0 [rgb8] (rgb) [unorm]
[   0.029][d][libmpv_render]   0rgb => 1 planes 1x1 8/0 [rgba8] (_rgb) [unorm]
[   0.029][d][libmpv_render]   bgr0 => 1 planes 1x1 8/0 [rgba8] (bgr) [unorm]
[   0.029][d][libmpv_render]   0bgr => 1 planes 1x1 8/0 [rgba8] (_bgr) [unorm]
[   0.029][d][libmpv_render]   rgb0 => 1 planes 1x1 8/0 [rgba8] (rgb) [unorm]
[   0.029][d][libmpv_render]   rgba64 => 1 planes 1x1 16/0 [rgba16ui] (rgba) [uint ]
[   0.029][d][libmpv_render]   rgb565
[   0.029][d][libmpv_render]   pal8
[   0.029][d][libmpv_render]   vdpau
[   0.029][d][libmpv_render]   d3d11
[   0.029][d][libmpv_render]   dxva2_vld
[   0.029][d][libmpv_render]   mmal
[   0.029][d][libmpv_render]   mediacodec
[   0.029][d][libmpv_render]   drm_prime
[   0.029][d][libmpv_render]   cuda
[   0.029][d][libmpv_render]   yap8 => 2 planes 1x1 8/0 [r8/r8] (r/a) [unorm]
[   0.029][d][libmpv_render]   yap16 => 2 planes 1x1 16/0 [r16ui/r16ui] (r/a) [uint ]
[   0.029][d][libmpv_render]   grayaf32 => 2 planes 1x1 32/0 [r16f/r16f] (r/a) [float]
[   0.029][d][libmpv_render]   yuv444pf => 3 planes 1x1 32/0 [r16f/r16f/r16f] (r/g/b) [float]
[   0.029][d][libmpv_render]   yuva444pf => 4 planes 1x1 32/0 [r16f/r16f/r16f/r16f] (r/g/b/a) [float]
[   0.029][d][libmpv_render]   yuv420pf => 3 planes 2x2 32/0 [r16f/r16f/r16f] (r/g/b) [float]
[   0.029][d][libmpv_render]   yuva420pf => 4 planes 2x2 32/0 [r16f/r16f/r16f/r16f] (r/g/b/a) [float]
[   0.029][d][libmpv_render]   yuv422pf => 3 planes 2x1 32/0 [r16f/r16f/r16f] (r/g/b) [float]
[   0.029][d][libmpv_render]   yuva422pf => 4 planes 2x1 32/0 [r16f/r16f/r16f/r16f] (r/g/b/a) [float]
[   0.029][d][libmpv_render]   yuv440pf => 3 planes 1x2 32/0 [r16f/r16f/r16f] (r/g/b) [float]
[   0.029][d][libmpv_render]   yuva440pf => 4 planes 1x2 32/0 [r16f/r16f/r16f/r16f] (r/g/b/a) [float]
[   0.029][d][libmpv_render]   yuv410pf => 3 planes 4x4 32/0 [r16f/r16f/r16f] (r/g/b) [float]
[   0.029][d][libmpv_render]   yuva410pf => 4 planes 4x4 32/0 [r16f/r16f/r16f/r16f] (r/g/b/a) [float]
[   0.029][d][libmpv_render]   yuv411pf => 3 planes 4x1 32/0 [r16f/r16f/r16f] (r/g/b) [float]
[   0.029][d][libmpv_render]   yuva411pf => 4 planes 4x1 32/0 [r16f/r16f/r16f/r16f] (r/g/b/a) [float]
[   0.029][d][libmpv_render]   rgb30 => 1 planes 1x1 10/0 [rgb10_a2] (bgr) [unknown]
[   0.029][d][libmpv_render]   y1 => 1 planes 1x1 8/-7 [r8] (r) [unorm]
[   0.029][d][libmpv_render]   gbrp1 => 3 planes 1x1 8/-7 [r8/r8/r8] (g/b/r) [unorm]
[   0.029][d][libmpv_render]   gbrp2 => 3 planes 1x1 8/-6 [r8/r8/r8] (g/b/r) [unorm]
[   0.029][d][libmpv_render]   gbrp3 => 3 planes 1x1 8/-5 [r8/r8/r8] (g/b/r) [unorm]
[   0.029][d][libmpv_render]   gbrp4 => 3 planes 1x1 8/-4 [r8/r8/r8] (g/b/r) [unorm]
[   0.029][d][libmpv_render]   gbrp5 => 3 planes 1x1 8/-3 [r8/r8/r8] (g/b/r) [unorm]
[   0.029][d][libmpv_render]   gbrp6 => 3 planes 1x1 8/-2 [r8/r8/r8] (g/b/r) [unorm]
[   0.029][d][libmpv_render]   vdpau_output
[   0.029][d][libmpv_render]   vaapi
[   0.029][d][libmpv_render]   videotoolbox
[   0.029][d][libmpv_render]   yuyv422
[   0.029][d][libmpv_render]   yuv422p => 3 planes 2x1 8/0 [r8/r8/r8] (r/g/b) [unorm]
[   0.029][d][libmpv_render]   yuv410p => 3 planes 4x4 8/0 [r8/r8/r8] (r/g/b) [unorm]
[   0.029][d][libmpv_render]   yuv411p => 3 planes 4x1 8/0 [r8/r8/r8] (r/g/b) [unorm]
[   0.029][d][libmpv_render]   monow
[   0.029][d][libmpv_render]   monob
[   0.029][d][libmpv_render]   yuvj422p => 3 planes 2x1 8/0 [r8/r8/r8] (r/g/b) [unorm]
[   0.029][d][libmpv_render]   uyyvyy411
[   0.029][d][libmpv_render]   bgr8
[   0.029][d][libmpv_render]   bgr4
[   0.029][d][libmpv_render]   bgr4_byte
[   0.029][d][libmpv_render]   rgb8
[   0.029][d][libmpv_render]   rgb4
[   0.029][d][libmpv_render]   rgb4_byte
[   0.029][d][libmpv_render]   nv21 => 2 planes 2x2 8/0 [r8/rg8] (r/bg) [unorm]
[   0.029][d][libmpv_render]   gray16be
[   0.029][d][libmpv_render]   yuv440p => 3 planes 1x2 8/0 [r8/r8/r8] (r/g/b) [unorm]
[   0.029][d][libmpv_render]   yuvj440p => 3 planes 1x2 8/0 [r8/r8/r8] (r/g/b) [unorm]
[   0.029][d][libmpv_render]   yuva420p => 4 planes 2x2 8/0 [r8/r8/r8/r8] (r/g/b/a) [unorm]
[   0.029][d][libmpv_render]   rgb48be
[   0.029][d][libmpv_render]   rgb48 => 1 planes 1x1 16/0 [rgb16ui] (rgb) [uint ]
[   0.029][d][libmpv_render]   rgb565be
[   0.029][d][libmpv_render]   rgb555be
[   0.029][d][libmpv_render]   rgb555
[   0.029][d][libmpv_render]   bgr565be
[   0.029][d][libmpv_render]   bgr565
[   0.029][d][libmpv_render]   bgr555be
[   0.029][d][libmpv_render]   bgr555
[   0.029][d][libmpv_render]   vaapi_moco
[   0.029][d][libmpv_render]   vaapi_idct
[   0.029][d][libmpv_render]   yuv420p16 => 3 planes 2x2 16/0 [r16ui/r16ui/r16ui] (r/g/b) [uint ]
[   0.030][d][libmpv_render]   yuv420p16be
[   0.030][d][libmpv_render]   yuv422p16 => 3 planes 2x1 16/0 [r16ui/r16ui/r16ui] (r/g/b) [uint ]
[   0.030][d][libmpv_render]   yuv422p16be
[   0.030][d][libmpv_render]   yuv444p16 => 3 planes 1x1 16/0 [r16ui/r16ui/r16ui] (r/g/b) [uint ]
[   0.030][d][libmpv_render]   yuv444p16be
[   0.030][d][libmpv_render]   rgb444
[   0.030][d][libmpv_render]   rgb444be
[   0.030][d][libmpv_render]   bgr444
[   0.030][d][libmpv_render]   bgr444be
[   0.030][d][libmpv_render]   ya8 => 1 planes 1x1 8/0 [rg8] (ra) [unorm]
[   0.030][d][libmpv_render]   bgr48be
[   0.030][d][libmpv_render]   bgr48 => 1 planes 1x1 16/0 [rgb16ui] (bgr) [uint ]
[   0.030][d][libmpv_render]   yuv420p9be
[   0.030][d][libmpv_render]   yuv420p9 => 3 planes 2x2 16/-7 [r16ui/r16ui/r16ui] (r/g/b) [uint ]
[   0.030][d][libmpv_render]   yuv420p10be
[   0.030][d][libmpv_render]   yuv420p10 => 3 planes 2x2 16/-6 [r16ui/r16ui/r16ui] (r/g/b) [uint ]
[   0.030][d][libmpv_render]   yuv422p10be
[   0.030][d][libmpv_render]   yuv422p10 => 3 planes 2x1 16/-6 [r16ui/r16ui/r16ui] (r/g/b) [uint ]
[   0.030][d][libmpv_render]   yuv444p9be
[   0.030][d][libmpv_render]   yuv444p9 => 3 planes 1x1 16/-7 [r16ui/r16ui/r16ui] (r/g/b) [uint ]
[   0.030][d][libmpv_render]   yuv444p10be
[   0.030][d][libmpv_render]   yuv444p10 => 3 planes 1x1 16/-6 [r16ui/r16ui/r16ui] (r/g/b) [uint ]
[   0.030][d][libmpv_render]   yuv422p9be
[   0.030][d][libmpv_render]   yuv422p9 => 3 planes 2x1 16/-7 [r16ui/r16ui/r16ui] (r/g/b) [uint ]
[   0.030][d][libmpv_render]   gbrp => 3 planes 1x1 8/0 [r8/r8/r8] (g/b/r) [unorm]
[   0.030][d][libmpv_render]   gbrp9be
[   0.030][d][libmpv_render]   gbrp9 => 3 planes 1x1 16/-7 [r16ui/r16ui/r16ui] (g/b/r) [uint ]
[   0.030][d][libmpv_render]   gbrp10be
[   0.030][d][libmpv_render]   gbrp10 => 3 planes 1x1 16/-6 [r16ui/r16ui/r16ui] (g/b/r) [uint ]
[   0.030][d][libmpv_render]   gbrp16be
[   0.030][d][libmpv_render]   gbrp16 => 3 planes 1x1 16/0 [r16ui/r16ui/r16ui] (g/b/r) [uint ]
[   0.030][d][libmpv_render]   yuva422p => 4 planes 2x1 8/0 [r8/r8/r8/r8] (r/g/b/a) [unorm]
[   0.030][d][libmpv_render]   yuva444p => 4 planes 1x1 8/0 [r8/r8/r8/r8] (r/g/b/a) [unorm]
[   0.030][d][libmpv_render]   yuva420p9be
[   0.030][d][libmpv_render]   yuva420p9 => 4 planes 2x2 16/-7 [r16ui/r16ui/r16ui/r16ui] (r/g/b/a) [uint ]
[   0.030][d][libmpv_render]   yuva422p9be
[   0.030][d][libmpv_render]   yuva422p9 => 4 planes 2x1 16/-7 [r16ui/r16ui/r16ui/r16ui] (r/g/b/a) [uint ]
[   0.030][d][libmpv_render]   yuva444p9be
[   0.030][d][libmpv_render]   yuva444p9 => 4 planes 1x1 16/-7 [r16ui/r16ui/r16ui/r16ui] (r/g/b/a) [uint ]
[   0.030][d][libmpv_render]   yuva420p10be
[   0.030][d][libmpv_render]   yuva420p10 => 4 planes 2x2 16/-6 [r16ui/r16ui/r16ui/r16ui] (r/g/b/a) [uint ]
[   0.030][d][libmpv_render]   yuva422p10be
[   0.030][d][libmpv_render]   yuva422p10 => 4 planes 2x1 16/-6 [r16ui/r16ui/r16ui/r16ui] (r/g/b/a) [uint ]
[   0.030][d][libmpv_render]   yuva444p10be
[   0.030][d][libmpv_render]   yuva444p10 => 4 planes 1x1 16/-6 [r16ui/r16ui/r16ui/r16ui] (r/g/b/a) [uint ]
[   0.030][d][libmpv_render]   yuva420p16be
[   0.030][d][libmpv_render]   yuva420p16 => 4 planes 2x2 16/0 [r16ui/r16ui/r16ui/r16ui] (r/g/b/a) [uint ]
[   0.030][d][libmpv_render]   yuva422p16be
[   0.030][d][libmpv_render]   yuva422p16 => 4 planes 2x1 16/0 [r16ui/r16ui/r16ui/r16ui] (r/g/b/a) [uint ]
[   0.030][d][libmpv_render]   yuva444p16be
[   0.030][d][libmpv_render]   yuva444p16 => 4 planes 1x1 16/0 [r16ui/r16ui/r16ui/r16ui] (r/g/b/a) [uint ]
[   0.030][d][libmpv_render]   xyz12 => 1 planes 1x1 16/4 [rgb16ui] (rgb) [uint ]
[   0.030][d][libmpv_render]   xyz12be
[   0.030][d][libmpv_render]   nv16 => 2 planes 2x1 8/0 [r8/rg8] (r/gb) [unorm]
[   0.030][d][libmpv_render]   nv20 => 2 planes 2x1 16/-6 [r16ui/rg16ui] (r/gb) [uint ]
[   0.030][d][libmpv_render]   nv20be
[   0.030][d][libmpv_render]   rgba64be
[   0.030][d][libmpv_render]   bgra64be
[   0.030][d][libmpv_render]   bgra64 => 1 planes 1x1 16/0 [rgba16ui] (bgra) [uint ]
[   0.030][d][libmpv_render]   yvyu422
[   0.030][d][libmpv_render]   ya16be
[   0.030][d][libmpv_render]   ya16 => 1 planes 1x1 16/0 [rg16ui] (ra) [uint ]
[   0.030][d][libmpv_render]   gbrap => 4 planes 1x1 8/0 [r8/r8/r8/r8] (g/b/r/a) [unorm]
[   0.030][d][libmpv_render]   gbrap16be
[   0.030][d][libmpv_render]   gbrap16 => 4 planes 1x1 16/0 [r16ui/r16ui/r16ui/r16ui] (g/b/r/a) [uint ]
[   0.030][d][libmpv_render]   qsv
[   0.030][d][libmpv_render]   d3d11va_vld
[   0.030][d][libmpv_render]   yuv420p12be
[   0.030][d][libmpv_render]   yuv420p12 => 3 planes 2x2 16/-4 [r16ui/r16ui/r16ui] (r/g/b) [uint ]
[   0.030][d][libmpv_render]   yuv420p14be
[   0.030][d][libmpv_render]   yuv420p14 => 3 planes 2x2 16/-2 [r16ui/r16ui/r16ui] (r/g/b) [uint ]
[   0.030][d][libmpv_render]   yuv422p12be
[   0.030][d][libmpv_render]   yuv422p12 => 3 planes 2x1 16/-4 [r16ui/r16ui/r16ui] (r/g/b) [uint ]
[   0.030][d][libmpv_render]   yuv422p14be
[   0.030][d][libmpv_render]   yuv422p14 => 3 planes 2x1 16/-2 [r16ui/r16ui/r16ui] (r/g/b) [uint ]
[   0.030][d][libmpv_render]   yuv444p12be
[   0.030][d][libmpv_render]   yuv444p12 => 3 planes 1x1 16/-4 [r16ui/r16ui/r16ui] (r/g/b) [uint ]
[   0.030][d][libmpv_render]   yuv444p14be
[   0.030][d][libmpv_render]   yuv444p14 => 3 planes 1x1 16/-2 [r16ui/r16ui/r16ui] (r/g/b) [uint ]
[   0.030][d][libmpv_render]   gbrp12be
[   0.030][d][libmpv_render]   gbrp12 => 3 planes 1x1 16/-4 [r16ui/r16ui/r16ui] (g/b/r) [uint ]
[   0.030][d][libmpv_render]   gbrp14be
[   0.030][d][libmpv_render]   gbrp14 => 3 planes 1x1 16/-2 [r16ui/r16ui/r16ui] (g/b/r) [uint ]
[   0.030][d][libmpv_render]   yuvj411p => 3 planes 4x1 8/0 [r8/r8/r8] (r/g/b) [unorm]
[   0.030][d][libmpv_render]   bayer_bggr8
[   0.030][d][libmpv_render]   bayer_rggb8
[   0.030][d][libmpv_render]   bayer_gbrg8
[   0.030][d][libmpv_render]   bayer_grbg8
[   0.030][d][libmpv_render]   bayer_bggr16
[   0.030][d][libmpv_render]   bayer_bggr16be
[   0.030][d][libmpv_render]   bayer_rggb16
[   0.030][d][libmpv_render]   bayer_rggb16be
[   0.030][d][libmpv_render]   bayer_gbrg16
[   0.030][d][libmpv_render]   bayer_gbrg16be
[   0.030][d][libmpv_render]   bayer_grbg16
[   0.030][d][libmpv_render]   bayer_grbg16be
[   0.030][d][libmpv_render]   xvmc
[   0.030][d][libmpv_render]   yuv440p10 => 3 planes 1x2 16/-6 [r16ui/r16ui/r16ui] (r/g/b) [uint ]
[   0.030][d][libmpv_render]   yuv440p10be
[   0.030][d][libmpv_render]   yuv440p12 => 3 planes 1x2 16/-4 [r16ui/r16ui/r16ui] (r/g/b) [uint ]
[   0.030][d][libmpv_render]   yuv440p12be
[   0.030][d][libmpv_render]   ayuv64 => 1 planes 1x1 16/0 [rgba16ui] (argb) [uint ]
[   0.030][d][libmpv_render]   ayuv64be
[   0.030][d][libmpv_render]   p010be
[   0.031][d][libmpv_render]   gbrap12be
[   0.031][d][libmpv_render]   gbrap12 => 4 planes 1x1 16/-4 [r16ui/r16ui/r16ui/r16ui] (g/b/r/a) [uint ]
[   0.031][d][libmpv_render]   gbrap10be
[   0.031][d][libmpv_render]   gbrap10 => 4 planes 1x1 16/-6 [r16ui/r16ui/r16ui/r16ui] (g/b/r/a) [uint ]
[   0.031][d][libmpv_render]   gray12be
[   0.031][d][libmpv_render]   gray12 => 1 planes 1x1 16/-4 [r16ui] (r) [uint ]
[   0.031][d][libmpv_render]   gray10be
[   0.031][d][libmpv_render]   gray10 => 1 planes 1x1 16/-6 [r16ui] (r) [uint ]
[   0.031][d][libmpv_render]   p016 => 2 planes 2x2 16/0 [r16ui/rg16ui] (r/gb) [uint ]
[   0.031][d][libmpv_render]   p016be
[   0.031][d][libmpv_render]   gray9be
[   0.031][d][libmpv_render]   gray9 => 1 planes 1x1 16/-7 [r16ui] (r) [uint ]
[   0.031][d][libmpv_render]   gbrpf32be
[   0.031][d][libmpv_render]   gbrpf32 => 3 planes 1x1 32/0 [r16f/r16f/r16f] (g/b/r) [float]
[   0.031][d][libmpv_render]   gbrapf32be
[   0.031][d][libmpv_render]   gbrapf32 => 4 planes 1x1 32/0 [r16f/r16f/r16f/r16f] (g/b/r/a) [float]
[   0.031][d][libmpv_render]   opencl
[   0.031][d][libmpv_render]   gray14be
[   0.031][d][libmpv_render]   gray14 => 1 planes 1x1 16/-2 [r16ui] (r) [uint ]
[   0.031][d][libmpv_render]   grayf32be
[   0.031][d][libmpv_render]   grayf32 => 1 planes 1x1 32/0 [r16f] (r) [float]
[   0.031][d][libmpv_render]   yuva422p12be
[   0.031][d][libmpv_render]   yuva422p12 => 4 planes 2x1 16/-4 [r16ui/r16ui/r16ui/r16ui] (r/g/b/a) [uint ]
[   0.031][d][libmpv_render]   yuva444p12be
[   0.031][d][libmpv_render]   yuva444p12 => 4 planes 1x1 16/-4 [r16ui/r16ui/r16ui/r16ui] (r/g/b/a) [uint ]
[   0.031][d][libmpv_render]   nv24 => 2 planes 1x1 8/0 [r8/rg8] (r/gb) [unorm]
[   0.031][d][libmpv_render]   nv42 => 2 planes 1x1 8/0 [r8/rg8] (r/bg) [unorm]
[   0.031][d][libmpv_render]   vulkan
[   0.031][d][libmpv_render]   y210be
[   0.031][d][libmpv_render]   y210
[   0.031][d][libmpv_render]   x2rgb10be
[   0.031][v][libmpv_render] Testing FBO format rgba16f
[   0.031][d][libmpv_render] Resizing texture: 16x16
[   0.031][v][libmpv_render] Using FBO format rgba16f.
[   0.031][v][libmpv_render] Disabling HDR peak computation (one or more of the following is not supported: compute shaders=0, SSBO=0).
[   0.031][v][libmpv_render] No advanced processing required. Enabling dumb mode.
[   0.031][v][libmpv_render] Loading hwdec driver 'videotoolbox'
[   0.032][d][cplayer] Run command: loadfile, flags=64, args=[url="file:///private/var/containers/Bundle/Application/3C46014D-BA10-4482-B1E6-25212D36C85E/MPVColorIssue.app/captain.marvel.2019.2160p.uhd.bluray.x265-terminal.sample.mkv", flags="replace", options=""]
[   0.032][d][cplayer] Setting option 'loop' = "inf" (flags = 0) -> 0
[   0.034][d][global] config path: 'watch_later' -> '-'
[   0.034][v][bdmv/bluray] Opening /private/var/containers/Bundle/Application/3C46014D-BA10-4482-B1E6-25212D36C85E/MPVColorIssue.app/captain.marvel.2019.2160p.uhd.bluray.x265-terminal.sample.mkv
[   0.034][v][file] Opening /private/var/containers/Bundle/Application/3C46014D-BA10-4482-B1E6-25212D36C85E/MPVColorIssue.app/captain.marvel.2019.2160p.uhd.bluray.x265-terminal.sample.mkv
[   0.034][d][file] resize stream to 131072 bytes, drop 0 bytes
[   0.034][d][file] Stream opened successfully.
[   0.034][v][demux] Trying demuxers for level=normal.
[   0.034][d][demux] Trying demuxer: disc (force-level: normal)
[   0.034][d][demux] Trying demuxer: edl (force-level: normal)
[   0.035][d][demux] Trying demuxer: cue (force-level: normal)
[   0.035][d][demux] Trying demuxer: rawaudio (force-level: normal)
[   0.035][d][demux] Trying demuxer: rawvideo (force-level: normal)
[   0.035][d][demux] Trying demuxer: mkv (force-level: normal)
[   0.035][d][mkv] Found the head...
[   0.035][d][mkv] + a segment...
[   0.035][d][mkv] Parsing seek head...
[   0.035][d][mkv] |+ segment information...
[   0.035][d][mkv] float 59869.000000
[   0.035][d][mkv] | + muxing app: libebml v1.3.7 + libmatroska v1.5.0
[   0.036][d][mkv] | + writing app: mkvmerge v33.0.0 ('A Little Bit of Madness') 64-bit
[   0.036][d][mkv] | + timecode scale: 1000000
[   0.036][d][mkv] | + duration: 59.869s
[   0.036][d][mkv] | + segment uid 80 68 de e7 c0 c8 81 75 6c 9b 26 fe 68 79 66 da
[   0.036][d][mkv] |+ segment tracks...
[   0.036][d][mkv] float 48000.000000
[   0.036][d][mkv] float 48000.000000
[   0.036][d][mkv] | + a track...
[   0.036][d][mkv] |  + Track number: 1
[   0.036][d][mkv] |  + Track type: Video
[   0.036][d][mkv] |  + Video track
[   0.036][d][mkv] |   + Display width: 3840
[   0.036][d][mkv] |   + Display height: 1608
[   0.036][d][mkv] |   + Pixel width: 3840
[   0.036][d][mkv] |   + Pixel height: 1608
[   0.036][d][mkv] |  + Codec ID: V_MPEGH/ISO/HEVC
[   0.036][d][mkv] |  + CodecPrivate, length 2401
[   0.036][d][mkv] |  + Language: und
[   0.036][d][mkv] |  + Default duration: 41.708ms ( = 23.976 fps)
[   0.036][d][mkv] | + a track...
[   0.036][d][mkv] |  + Track number: 2
[   0.036][d][mkv] |  + Track type: Audio
[   0.036][d][mkv] |  + Audio track
[   0.036][d][mkv] |   + Sampling frequency: 48000.000000
[   0.036][d][mkv] |   + Channels: 8
[   0.036][d][mkv] |  + Codec ID: A_TRUEHD
[   0.036][d][mkv] | + a track...
[   0.036][d][mkv] |  + Track number: 3
[   0.036][d][mkv] |  + Track type: Audio
[   0.036][d][mkv] |  + Audio track
[   0.036][d][mkv] |   + Sampling frequency: 48000.000000
[   0.036][d][mkv] |   + Channels: 6
[   0.036][d][mkv] |  + Codec ID: A_AC3
[   0.036][d][mkv] |  + Default flag: 0
[   0.036][d][mkv] |  + Default duration: 32.000ms ( = 31.250 fps)
[   0.036][d][mkv] | + a track...
[   0.036][d][mkv] |  + Track number: 4
[   0.036][d][mkv] |  + Name: English SDH
[   0.036][d][mkv] |  + Track type: Subtitle
[   0.036][d][mkv] |  + Codec ID: S_HDMV/PGS
[   0.036][d][mkv] |  + Default flag: 0
[   0.036][d][mkv] | + a track...
[   0.036][d][mkv] |  + Track number: 5
[   0.036][d][mkv] |  + Name: French 1
[   0.036][d][mkv] |  + Track type: Subtitle
[   0.036][d][mkv] |  + Codec ID: S_HDMV/PGS
[   0.036][d][mkv] |  + Language: fre
[   0.036][d][mkv] |  + Default flag: 0
[   0.036][d][mkv] | + a track...
[   0.036][d][mkv] |  + Track number: 6
[   0.036][d][mkv] |  + Name: French 2
[   0.036][d][mkv] |  + Track type: Subtitle
[   0.036][d][mkv] |  + Codec ID: S_HDMV/PGS
[   0.036][d][mkv] |  + Language: fre
[   0.036][d][mkv] |  + Default flag: 0
[   0.036][d][mkv] | + a track...
[   0.036][d][mkv] |  + Track number: 7
[   0.036][d][mkv] |  + Name: Spanish 1
[   0.036][d][mkv] |  + Track type: Subtitle
[   0.036][d][mkv] |  + Codec ID: S_HDMV/PGS
[   0.036][d][mkv] |  + Language: spa
[   0.036][d][mkv] |  + Default flag: 0
[   0.036][d][mkv] | + a track...
[   0.036][d][mkv] |  + Track number: 8
[   0.036][d][mkv] |  + Name: German
[   0.036][d][mkv] |  + Track type: Subtitle
[   0.036][d][mkv] |  + Codec ID: S_HDMV/PGS
[   0.036][d][mkv] |  + Language: ger
[   0.036][d][mkv] |  + Default flag: 0
[   0.036][d][mkv] | + a track...
[   0.036][d][mkv] |  + Track number: 9
[   0.036][d][mkv] |  + Name: Italian 1
[   0.036][d][mkv] |  + Track type: Subtitle
[   0.036][d][mkv] |  + Codec ID: S_HDMV/PGS
[   0.036][d][mkv] |  + Language: ita
[   0.036][d][mkv] |  + Default flag: 0
[   0.036][d][mkv] | + a track...
[   0.036][d][mkv] |  + Track number: 10
[   0.036][d][mkv] |  + Name: Japanese 1
[   0.036][d][mkv] |  + Track type: Subtitle
[   0.036][d][mkv] |  + Codec ID: S_HDMV/PGS
[   0.036][d][mkv] |  + Language: jpn
[   0.036][d][mkv] |  + Default flag: 0
[   0.036][d][mkv] | + a track...
[   0.036][d][mkv] |  + Track number: 11
[   0.036][d][mkv] |  + Name: Chinese 1
[   0.036][d][mkv] |  + Track type: Subtitle
[   0.036][d][mkv] |  + Codec ID: S_HDMV/PGS
[   0.036][d][mkv] |  + Language: chi
[   0.036][d][mkv] |  + Default flag: 0
[   0.040][d][mkv] | + a track...
[   0.040][d][mkv] |  + Track number: 12
[   0.040][d][mkv] |  + Name: Dutch
[   0.040][d][mkv] |  + Track type: Subtitle
[   0.040][d][mkv] |  + Codec ID: S_HDMV/PGS
[   0.040][d][mkv] |  + Language: dut
[   0.040][d][mkv] |  + Default flag: 0
[   0.040][d][mkv] | + a track...
[   0.040][d][mkv] |  + Track number: 13
[   0.040][d][mkv] |  + Name: Korean
[   0.040][d][mkv] |  + Track type: Subtitle
[   0.040][d][mkv] |  + Codec ID: S_HDMV/PGS
[   0.040][d][mkv] |  + Language: kor
[   0.040][d][mkv] |  + Default flag: 0
[   0.040][d][mkv] | + a track...
[   0.040][d][mkv] |  + Track number: 14
[   0.040][d][mkv] |  + Name: Norwegian
[   0.040][d][mkv] |  + Track type: Subtitle
[   0.040][d][mkv] |  + Codec ID: S_HDMV/PGS
[   0.040][d][mkv] |  + Language: nor
[   0.040][d][mkv] |  + Default flag: 0
[   0.041][d][mkv] | + a track...
[   0.041][d][mkv] |  + Track number: 15
[   0.041][d][mkv] |  + Name: Swedish
[   0.041][d][mkv] |  + Track type: Subtitle
[   0.041][d][mkv] |  + Codec ID: S_HDMV/PGS
[   0.053][d][mkv] |  + Language: swe
[   0.053][d][mkv] |  + Default flag: 0
[   0.053][d][mkv] | + a track...
[   0.053][d][mkv] |  + Track number: 16
[   0.053][d][mkv] |  + Name: Chinese 2
[   0.053][d][mkv] |  + Track type: Subtitle
[   0.053][d][mkv] |  + Codec ID: S_HDMV/PGS
[   0.053][d][mkv] |  + Language: chi
[   0.053][d][mkv] |  + Default flag: 0
[   0.053][d][mkv] | + a track...
[   0.053][d][mkv] |  + Track number: 17
[   0.053][d][mkv] |  + Name: French 3
[   0.053][d][mkv] |  + Track type: Subtitle
[   0.053][d][mkv] |  + Codec ID: S_HDMV/PGS
[   0.054][d][mkv] |  + Language: fre
[   0.054][d][mkv] |  + Default flag: 0
[   0.054][d][mkv] | + a track...
[   0.054][d][mkv] |  + Track number: 18
[   0.054][d][mkv] |  + Name: French 4
[   0.054][d][mkv] |  + Track type: Subtitle
[   0.054][d][mkv] |  + Codec ID: S_HDMV/PGS
[   0.054][d][mkv] |  + Language: fre
[   0.054][d][mkv] |  + Default flag: 0
[   0.054][d][mkv] | + a track...
[   0.054][d][mkv] |  + Track number: 19
[   0.054][d][mkv] |  + Name: Spanish 2
[   0.054][d][mkv] |  + Track type: Subtitle
[   0.054][d][mkv] |  + Codec ID: S_HDMV/PGS
[   0.054][d][mkv] |  + Language: spa
[   0.054][d][mkv] |  + Default flag: 0
[   0.054][d][mkv] | + a track...
[   0.054][d][mkv] |  + Track number: 20
[   0.054][d][mkv] |  + Name: Italian 2
[   0.054][d][mkv] |  + Track type: Subtitle
[   0.054][d][mkv] |  + Codec ID: S_HDMV/PGS
[   0.054][d][mkv] |  + Language: ita
[   0.054][d][mkv] |  + Default flag: 0
[   0.054][d][mkv] | + a track...
[   0.054][d][mkv] |  + Track number: 21
[   0.054][d][mkv] |  + Name: Japanese 2
[   0.054][d][mkv] |  + Track type: Subtitle
[   0.054][d][mkv] |  + Codec ID: S_HDMV/PGS
[   0.054][d][mkv] |  + Language: jpn
[   0.054][d][mkv] |  + Default flag: 0
[   0.054][d][mkv] |+ found cluster
[   0.054][v][mkv] Seeking to 60968346 to read header element 0x1c53bb6b.
[   0.054][v][file] stream level seek from 131072 to 60968346
[   0.054][v][mkv] Parsing cues...
[   0.054][v][mkv] Seeking to 60978767 to read header element 0x1254c367.
[   0.054][v][file] stream level seek from 60986970 to 10007
[   0.054][v][mkv] All headers are parsed!
[   0.067][v][demux] Detected file format: Matroska
[   0.067][v][cplayer] Opening done: /private/var/containers/Bundle/Application/3C46014D-BA10-4482-B1E6-25212D36C85E/MPVColorIssue.app/captain.marvel.2019.2160p.uhd.bluray.x265-terminal.sample.mkv
[   0.073][v][find_files] Loading external files in /private/var/containers/Bundle/Application/3C46014D-BA10-4482-B1E6-25212D36C85E/MPVColorIssue.app/
[   0.074][v][mkv] select track 0
[   0.074][v][mkv] select track 1
[   0.074][i][cplayer]  (+) Video --vid=1 (*) (hevc 3840x1608 23.976fps)
[   0.074][i][cplayer]  (+) Audio --aid=1 --alang=eng (*) (truehd 8ch 48000Hz)
[   0.074][i][cplayer]      Audio --aid=2 --alang=eng (ac3 6ch 48000Hz)
[   0.074][i][cplayer]      Subs  --sid=1 --slang=eng 'English SDH' (hdmv_pgs_subtitle)
[   0.074][i][cplayer]      Subs  --sid=2 --slang=fre 'French 1' (hdmv_pgs_subtitle)
[   0.074][i][cplayer]      Subs  --sid=3 --slang=fre 'French 2' (hdmv_pgs_subtitle)
[   0.074][i][cplayer]      Subs  --sid=4 --slang=spa 'Spanish 1' (hdmv_pgs_subtitle)
[   0.074][i][cplayer]      Subs  --sid=5 --slang=ger 'German' (hdmv_pgs_subtitle)
[   0.074][i][cplayer]      Subs  --sid=6 --slang=ita 'Italian 1' (hdmv_pgs_subtitle)
[   0.074][i][cplayer]      Subs  --sid=7 --slang=jpn 'Japanese 1' (hdmv_pgs_subtitle)
[   0.074][i][cplayer]      Subs  --sid=8 --slang=chi 'Chinese 1' (hdmv_pgs_subtitle)
[   0.074][i][cplayer]      Subs  --sid=9 --slang=dut 'Dutch' (hdmv_pgs_subtitle)
[   0.074][i][cplayer]      Subs  --sid=10 --slang=kor 'Korean' (hdmv_pgs_subtitle)
[   0.074][i][cplayer]      Subs  --sid=11 --slang=nor 'Norwegian' (hdmv_pgs_subtitle)
[   0.074][i][cplayer]      Subs  --sid=12 --slang=swe 'Swedish' (hdmv_pgs_subtitle)
[   0.074][i][cplayer]      Subs  --sid=13 --slang=chi 'Chinese 2' (hdmv_pgs_subtitle)
[   0.074][i][cplayer]      Subs  --sid=14 --slang=fre 'French 3' (hdmv_pgs_subtitle)
[   0.074][i][cplayer]      Subs  --sid=15 --slang=fre 'French 4' (hdmv_pgs_subtitle)
[   0.074][i][cplayer]      Subs  --sid=16 --slang=spa 'Spanish 2' (hdmv_pgs_subtitle)
[   0.075][i][cplayer]      Subs  --sid=17 --slang=ita 'Italian 2' (hdmv_pgs_subtitle)
[   0.075][i][cplayer]      Subs  --sid=18 --slang=jpn 'Japanese 2' (hdmv_pgs_subtitle)
[   0.079][v][decode_wrapper/vd] Container reported FPS: 23.976024
[   0.080][v][decode_wrapper/vd] Codec list:
[   0.080][v][decode_wrapper/vd]     hevc - (null)
[   0.080][v][decode_wrapper/vd] Opening decoder hevc
[   0.081][v][decode_wrapper/vd] Looking at hwdec hevc-videotoolbox...
[   0.081][v][decode_wrapper/vd] Trying hardware decoding via hevc-videotoolbox.
[   0.084][v][decode_wrapper/vd] Selected codec: hevc ((null))
[   0.084][v][vf] User filter list:
[   0.084][v][vf]   (empty)
[   0.085][v][decode_wrapper/ad] Codec list:
[   0.085][v][decode_wrapper/ad]     truehd - (null)
[   0.085][v][decode_wrapper/ad] Opening decoder truehd
[   0.085][v][decode_wrapper/ad] Requesting 1 threads for decoding.
[   0.086][v][decode_wrapper/ad] Selected codec: truehd ((null))
[   0.086][v][af] User filter list:
[   0.086][v][af]   (empty)
[   0.086][v][cplayer] Starting playback...
[   0.088][v][decode_wrapper/vd] Pixel formats supported by decoder: videotoolbox_vld yuv420p10le
[   0.088][v][decode_wrapper/vd] Codec profile: unknown (0x2)
[   0.088][v][decode_wrapper/vd] Requesting pixfmt 'videotoolbox_vld' from decoder.
[   0.172][i][decode_wrapper/vd] Using hardware decoding (videotoolbox).
[   0.172][v][decode_wrapper/vd] Decoder format: 3840x1608 videotoolbox[nv12] bt.2020-ncl/bt.2020/pq/limited/auto SP=4.926108 CL=unknown
[   0.172][v][decode_wrapper/vd] Using container aspect ratio.
[   0.172][v][vf] [in] 3840x1608 videotoolbox[nv12] bt.2020-ncl/bt.2020/pq/limited/display SP=4.926108 CL=mpeg2/4/h264
[   0.172][v][vf] [userdeint] 3840x1608 videotoolbox[nv12] bt.2020-ncl/bt.2020/pq/limited/display SP=4.926108 CL=mpeg2/4/h264
[   0.172][v][vf] [userdeint] (disabled)
[   0.172][v][vf] [autorotate] 3840x1608 videotoolbox[nv12] bt.2020-ncl/bt.2020/pq/limited/display SP=4.926108 CL=mpeg2/4/h264
[   0.172][v][vf] [autorotate] (disabled)
[   0.172][v][vf] [convert] 3840x1608 videotoolbox[nv12] bt.2020-ncl/bt.2020/pq/limited/display SP=4.926108 CL=mpeg2/4/h264
[   0.172][v][vf] [convert] (disabled)
[   0.172][v][vf] [out] 3840x1608 videotoolbox[nv12] bt.2020-ncl/bt.2020/pq/limited/display SP=4.926108 CL=mpeg2/4/h264
[   0.172][v][af] [in] 48000Hz 7.1 8ch s32
[   0.172][v][af] [userspeed] 48000Hz 7.1 8ch s32
[   0.172][v][af] [userspeed] (disabled)
[   0.173][v][af] [convert] 48000Hz 7.1 8ch s32
[   0.173][v][ao] Trying audio driver 'audiounit'
[   0.173][v][ao/audiounit] requested format: 48000 Hz, 7.1 channels, s32
[   0.481][v][ao/audiounit] using soft-buffer of 9600 samples.
[   0.481][i][cplayer] AO: [audiounit] 48000Hz stereo 2ch s32
[   0.481][v][cplayer] AO: Description: AudioUnit (iOS)
[   0.483][v][autoconvert] inserting resampler
[   0.483][v][swresample] format change, reinitializing resampler
[   0.483][v][swresample] 48000Hz 7.1 s32 -> 48000Hz stereo s32
[   0.483][v][swresample] Remix: 7.1 -> stereo
[   0.483][v][af] [out] 48000Hz stereo 2ch s32
[   0.527][i][cplayer] VO: [libmpv] 3840x1608 videotoolbox[nv12]
[   0.528][v][cplayer] VO: Description: render API for libmpv
[   0.528][v][vo/opengl-cb] reconfig to 3840x1608 videotoolbox[nv12] bt.2020-ncl/bt.2020/pq/limited/display SP=4.926108 CL=mpeg2/4/h264
[   0.528][v][libmpv_render] Window size: 2732x2048 (Borders: l=0 t=0 r=0 b=0)
[   0.528][v][libmpv_render] Video source: 3840x1608 (1:1)
[   0.528][v][libmpv_render] Video display: (0, 0) 3840x1608 -> (0, 452) 2732x1144
[   0.528][v][libmpv_render] Video scale: 0.711458/0.711443
[   0.528][v][libmpv_render] OSD borders: l=0 t=452 r=0 b=452
[   0.528][v][libmpv_render] Video borders: l=0 t=452 r=0 b=452
[   0.531][v][libmpv_render] Testing FBO format rgba16f
[   0.531][d][libmpv_render] Resizing texture: 16x16
[   0.531][e][libmpv_render] after creating texture: OpenGL error INVALID_ENUM.
[   0.531][v][libmpv_render] Using FBO format rgba16f.
[   0.531][v][libmpv_render] No advanced processing required. Enabling dumb mode.
[   0.533][v][cplayer] first video frame after restart shown
[   0.533][v][cplayer] audio sync: sync_to_video=1, offset=0.043000
[   0.533][d][cplayer] starting video playback
[   0.533][d][cplayer] starting audio playback
[   0.546][v][libmpv_render] Dither to 8.
[   0.688][d][libmpv_render] vertex shader source:
[   0.688][d][libmpv_render] [  1] #version 300 es
[   0.688][d][libmpv_render] [  2] precision mediump float;
[   0.688][d][libmpv_render] [  3] precision mediump sampler2D;
[   0.688][d][libmpv_render] [  4] precision mediump sampler3D;
[   0.688][d][libmpv_render] [  5] #define tex1D texture
[   0.688][d][libmpv_render] [  6] #define tex3D texture
[   0.688][d][libmpv_render] [  7] #define LUT_POS(x, lut_size) mix(0.5 / (lut_size), 1.0 - 0.5 / (lut_size), (x))
[   0.688][d][libmpv_render] [  8] in vec2 vertex_position;
[   0.688][d][libmpv_render] [  9] in vec2 vertex_texcoord0;
[   0.688][d][libmpv_render] [ 10] out vec2 texcoord0;
[   0.688][d][libmpv_render] [ 11] in vec2 vertex_texcoord1;
[   0.688][d][libmpv_render] [ 12] out vec2 texcoord1;
[   0.688][d][libmpv_render] [ 13] void main() {
[   0.688][d][libmpv_render] [ 14] gl_Position = vec4(vertex_position, 1.0, 1.0);
[   0.688][d][libmpv_render] [ 15] texcoord0 = vertex_texcoord0;
[   0.688][d][libmpv_render] [ 16] texcoord1 = vertex_texcoord1;
[   0.688][d][libmpv_render] [ 17] }
[   0.692][d][libmpv_render] fragment shader source:
[   0.692][d][libmpv_render] [  1] #version 300 es
[   0.692][d][libmpv_render] [  2] precision mediump float;
[   0.692][d][libmpv_render] [  3] precision mediump sampler2D;
[   0.692][d][libmpv_render] [  4] precision mediump sampler3D;
[   0.692][d][libmpv_render] [  5] #define tex1D texture
[   0.692][d][libmpv_render] [  6] #define tex3D texture
[   0.692][d][libmpv_render] [  7] #define LUT_POS(x, lut_size) mix(0.5 / (lut_size), 1.0 - 0.5 / (lut_size), (x))
[   0.692][d][libmpv_render] [  8] out vec4 out_color;
[   0.692][d][libmpv_render] [  9] in vec2 texcoord0;
[   0.692][d][libmpv_render] [ 10] in vec2 texcoord1;
[   0.692][d][libmpv_render] [ 11] uniform mat3 colormatrix;
[   0.692][d][libmpv_render] [ 12] uniform vec3 colormatrix_c;
[   0.692][d][libmpv_render] [ 13] uniform vec3 src_luma;
[   0.692][d][libmpv_render] [ 14] uniform vec3 dst_luma;
[   0.692][d][libmpv_render] [ 15] uniform mat3 cms_matrix;
[   0.692][d][libmpv_render] [ 16] uniform sampler2D dither;
[   0.692][d][libmpv_render] [ 17] uniform sampler2D texture0;
[   0.692][d][libmpv_render] [ 18] uniform vec2 texture_size0;
[   0.692][d][libmpv_render] [ 19] uniform mat2 texture_rot0;
[   0.692][d][libmpv_render] [ 20] uniform vec2 texture_off0;
[   0.692][d][libmpv_render] [ 21] uniform vec2 pixel_size0;
[   0.692][d][libmpv_render] [ 22] uniform sampler2D texture1;
[   0.692][d][libmpv_render] [ 23] uniform vec2 texture_size1;
[   0.692][d][libmpv_render] [ 24] uniform mat2 texture_rot1;
[   0.692][d][libmpv_render] [ 25] uniform vec2 texture_off1;
[   0.692][d][libmpv_render] [ 26] uniform vec2 pixel_size1;
[   0.692][d][libmpv_render] [ 27] void main() {
[   0.692][d][libmpv_render] [ 28] vec4 color = vec4(0.0, 0.0, 0.0, 1.0);
[   0.692][d][libmpv_render] [ 29] color.r = 1.000000 * vec4(texture(texture0, texcoord0)).r;
[   0.692][d][libmpv_render] [ 30] color.gb = 1.000000 * vec4(texture(texture1, texcoord1)).ra;
[   0.692][d][libmpv_render] [ 31] color = color.rgbr;
[   0.692][d][libmpv_render] [ 32] color.rgb = mat3(colormatrix) * color.rgb + colormatrix_c;
[   0.692][d][libmpv_render] [ 33] color.a = 1.0;
[   0.692][d][libmpv_render] [ 34] // color mapping
[   0.692][d][libmpv_render] [ 35] // linearize
[   0.692][d][libmpv_render] [ 36] color.rgb = clamp(color.rgb, 0.0, 1.0);
[   0.692][d][libmpv_render] [ 37] color.rgb = pow(color.rgb, vec3(1.0/78.843750));
[   0.693][d][libmpv_render] [ 38] color.rgb = max(color.rgb - vec3(0.835938), vec3(0.0))
[   0.693][d][libmpv_render] [ 39]              / (vec3(18.851562) - vec3(18.687500) * color.rgb);
[   0.693][d][libmpv_render] [ 40] color.rgb = pow(color.rgb, vec3(6.277395));
[   0.693][d][libmpv_render] [ 41] color.rgb *= vec3(49.261084);
[   0.693][d][libmpv_render] [ 42] color.rgb *= vec3(1.0/49.261086);
[   0.693][d][libmpv_render] [ 43] color.rgb *= vec3(49.261086);
[   0.693][d][libmpv_render] [ 44] // HDR tone mapping
[   0.693][d][libmpv_render] [ 45] int sig_idx = 0;
[   0.693][d][libmpv_render] [ 46] if (color[1] > color[sig_idx]) sig_idx = 1;
[   0.693][d][libmpv_render] [ 47] if (color[2] > color[sig_idx]) sig_idx = 2;
[   0.693][d][libmpv_render] [ 48] float sig_max = color[sig_idx];
[   0.693][d][libmpv_render] [ 49] float sig_peak = 4.926108;
[   0.693][d][libmpv_render] [ 50] float sig_avg = 0.250000;
[   0.693][d][libmpv_render] [ 51] vec3 sig = color.rgb;
[   0.693][d][libmpv_render] [ 52] float sig_orig = sig[sig_idx];
[   0.693][d][libmpv_render] [ 53] float slope = min(1.000000, 0.250000 / sig_avg);
[   0.693][d][libmpv_render] [ 54] sig *= slope;
[   0.693][d][libmpv_render] [ 55] sig_peak *= slope;
[   0.693][d][libmpv_render] [ 56] vec4 sig_pq = vec4(sig.rgb, sig_peak);
[   0.693][d][libmpv_render] [ 57] sig_pq *= vec4(1.0/49.261084);
[   0.693][d][libmpv_render] [ 58] sig_pq = pow(sig_pq, vec4(0.159302));
[   0.693][d][libmpv_render] [ 59] sig_pq = (vec4(0.835938) + vec4(18.851562) * sig_pq)
[   0.693][d][libmpv_render] [ 60]           / (vec4(1.0) + vec4(18.687500) * sig_pq);
[   0.693][d][libmpv_render] [ 61] sig_pq = pow(sig_pq, vec4(78.843750));
[   0.693][d][libmpv_render] [ 62] float scale = 1.0 / sig_pq.a;
[   0.693][d][libmpv_render] [ 63] sig_pq.rgb *= vec3(scale);
[   0.693][d][libmpv_render] [ 64] float maxLum = 0.580690 * scale;
[   0.693][d][libmpv_render] [ 65] float ks = 1.5 * maxLum - 0.5;
[   0.693][d][libmpv_render] [ 66] vec3 tb = (sig_pq.rgb - vec3(ks)) / vec3(1.0 - ks);
[   0.693][d][libmpv_render] [ 67] vec3 tb2 = tb * tb;
[   0.693][d][libmpv_render] [ 68] vec3 tb3 = tb2 * tb;
[   0.693][d][libmpv_render] [ 69] vec3 pb = (2.0 * tb3 - 3.0 * tb2 + vec3(1.0)) * vec3(ks) +
[   0.693][d][libmpv_render] [ 70]           (tb3 - 2.0 * tb2 + tb) * vec3(1.0 - ks) +
[   0.693][d][libmpv_render] [ 71]           (-2.0 * tb3 + 3.0 * tb2) * vec3(maxLum);
[   0.693][d][libmpv_render] [ 72] sig = mix(pb, sig_pq.rgb, lessThan(sig_pq.rgb, vec3(ks)));
[   0.693][d][libmpv_render] [ 73] sig *= vec3(sig_pq.a);
[   0.693][d][libmpv_render] [ 74] sig = pow(sig, vec3(1.0/78.843750));
[   0.693][d][libmpv_render] [ 75] sig = max(sig - vec3(0.835938), 0.0) /
[   0.693][d][libmpv_render] [ 76]           (vec3(18.851562) - vec3(18.687500) * sig);
[   0.693][d][libmpv_render] [ 77] sig = pow(sig, vec3(1.0/0.159302));
[   0.693][d][libmpv_render] [ 78] sig *= vec3(49.261084);
[   0.693][d][libmpv_render] [ 79] sig = min(sig, vec3(1.0));
[   0.693][d][libmpv_render] [ 80] vec3 sig_lin = color.rgb * (sig[sig_idx] / sig_orig);
[   0.693][d][libmpv_render] [ 81] float coeff = max(sig[sig_idx] - 0.180000, 1e-6) /               max(sig[sig_idx], 1.0);
[   0.693][d][libmpv_render] [ 82] coeff = 0.750000 * pow(coeff, 1.500000);
[   0.693][d][libmpv_render] [ 83] color.rgb = mix(sig_lin, 1.000000 * sig, coeff);
[   0.693][d][libmpv_render] [ 84] color.rgb = cms_matrix * color.rgb;
[   0.693][d][libmpv_render] [ 85] float cmin = min(min(color.r, color.g), color.b);
[   0.693][d][libmpv_render] [ 86] if (cmin < 0.0) { float luma = dot(dst_luma, color.rgb); float coeff = cmin / (cmin - luma); color.rgb = mix(color.rgb, vec3(luma), coeff); }
[   0.693][d][libmpv_render] [ 87] float cmax = max(max(color.r, color.g), color.b);
[   0.693][d][libmpv_render] [ 88] if (cmax > 1.0) color.rgb /= cmax;
[   0.693][d][libmpv_render] [ 89] color.rgb *= vec3(1.000000);
[   0.693][d][libmpv_render] [ 90] // delinearize
[   0.693][d][libmpv_render] [ 91] color.rgb = clamp(color.rgb, 0.0, 1.0);
[   0.693][d][libmpv_render] [ 92] color.rgb *= vec3(1.000000);
[   0.693][d][libmpv_render] [ 93] color.rgb = pow(color.rgb, vec3(1.0/2.2));
[   0.693][d][libmpv_render] [ 94] // dithering
[   0.693][d][libmpv_render] [ 95] vec2 dither_pos = gl_FragCoord.xy * 1.0/64.0;
[   0.693][d][libmpv_render] [ 96] float dither_value = texture(dither, dither_pos).r;
[   0.693][d][libmpv_render] [ 97] color = floor(color * 255.0 + dither_value + 0.5 / 4096.0) * 1.0/255.0;
[   0.693][d][libmpv_render] [ 98] out_color = color;
[   0.693][d][libmpv_render] [ 99] }
[   0.695][d][libmpv_render] shader link log (status=1):
[   0.733][v][vo/opengl-cb] mpv_render_context_render() not being called or stuck.
[   0.997][v][cplayer] playback restart complete @ 0.000000, audio=playing, video=playing